<?xml version="1.0" encoding="UTF-8"?>
<!-- Generated by org.testng.reporters.JUnitReportReporter -->
<testsuite hostname="Naresh-PC" name="com.mkyong.testng.examples.configuration.TestDBConnection" tests="2" failures="0" timestamp="6 Jan 2016 08:10:03 GMT" time="0.010" errors="0">
  <testcase name="runOtherTest2" time="0.000" classname="com.mkyong.testng.examples.configuration.TestDBConnection"/>
  <testcase name="runOtherTest1" time="0.010" classname="com.mkyong.testng.examples.configuration.TestDBConnection"/>
</testsuite> <!-- com.mkyong.testng.examples.configuration.TestDBConnection -->
