<?xml version="1.0" encoding="UTF-8"?>
<!-- Generated by org.testng.reporters.JUnitReportReporter -->
<testsuite hostname="Naresh-PC" name="com.mkyong.testng.examples.helloworld.TestHelloWorld" tests="1" failures="0" timestamp="6 Jan 2016 05:43:59 GMT" time="0.030" errors="0">
  <testcase name="testEmailGenerator" time="0.030" classname="com.mkyong.testng.examples.helloworld.TestHelloWorld"/>
</testsuite> <!-- com.mkyong.testng.examples.helloworld.TestHelloWorld -->
