<?xml version="1.0" encoding="UTF-8"?>
<!-- Generated by org.testng.reporters.JUnitReportReporter -->
<testsuite hostname="Naresh-PC" name="com.mkyong.testng.examples.parameter.TestParameterDataProvider" tests="3" failures="0" timestamp="8 Jan 2016 05:56:16 GMT" time="0.060" errors="0">
  <testcase name="test" time="0.000" classname="com.mkyong.testng.examples.parameter.TestParameterDataProvider"/>
  <testcase name="test" time="0.050" classname="com.mkyong.testng.examples.parameter.TestParameterDataProvider"/>
  <testcase name="test" time="0.010" classname="com.mkyong.testng.examples.parameter.TestParameterDataProvider"/>
</testsuite> <!-- com.mkyong.testng.examples.parameter.TestParameterDataProvider -->
