<?xml version="1.0" encoding="UTF-8"?>
<!-- Generated by org.testng.reporters.JUnitReportReporter -->
<testsuite hostname="Naresh-PC" name="com.mkyong.testng.examples.loadtest.TestMultipleThreads" tests="3" failures="0" timestamp="8 Jan 2016 06:27:39 GMT" time="0.060" errors="0">
  <testcase name="testThreadPools" time="0.020" classname="com.mkyong.testng.examples.loadtest.TestMultipleThreads"/>
  <testcase name="testThreadPools" time="0.020" classname="com.mkyong.testng.examples.loadtest.TestMultipleThreads"/>
  <testcase name="testThreadPools" time="0.020" classname="com.mkyong.testng.examples.loadtest.TestMultipleThreads"/>
</testsuite> <!-- com.mkyong.testng.examples.loadtest.TestMultipleThreads -->
