<?xml version="1.0" encoding="UTF-8"?>
<!-- Generated by org.testng.reporters.JUnitReportReporter -->
<testsuite hostname="Naresh-PC" name="com.mkyong.testng.examples.parameter.TestParameterXML" tests="1" failures="0" timestamp="8 Jan 2016 07:32:35 GMT" time="0.050" errors="0">
  <testcase name="createConnection" time="0.050" classname="com.mkyong.testng.examples.parameter.TestParameterXML"/>
</testsuite> <!-- com.mkyong.testng.examples.parameter.TestParameterXML -->
